<?xml version="1.0" encoding="UTF-8"?>
<!-- Generated by org.testng.reporters.JUnitXMLReporter -->
<testsuite hostname="DESKTOP-KQBH998" failures="0" tests="5" name="Default test" time="8.626" errors="0" timestamp="15 Mar 2024 10:12:31 GMT">
  <testcase classname="Hybrid" name="test" time="2.022"/>
  <testcase classname="Hybrid" name="test" time="1.55"/>
  <testcase classname="Hybrid" name="test" time="0.118"/>
  <testcase classname="Hybrid" name="test" time="0.115"/>
  <testcase classname="Hybrid" name="test" time="1.889"/>
</testsuite> <!-- Default test -->
